2022-02-25 07:30:23
414828 INFO  EventLoop createt 0x7FFFFFFFDCA0in thread  -- /home/bobbywu/Desktop/Developer/libnet/libnet/EventLoop.cpp:45
2022-02-25 07:30:23
414828 WARN  WebServer starts listening on 0.0.0.0:8090 -- /home/bobbywu/Desktop/Developer/libnet/example/WebServer/WebServer.cpp:72
2022-02-25 07:30:23
414828 INFO  TcpServer::start() 0.0.0.0:8090 with 8 eventLoop thread(s) -- /home/bobbywu/Desktop/Developer/libnet/libnet/TcpServer.cpp:55
2022-02-25 07:30:23
414885 INFO  EventLoop createt 0x7FFFF6308C50in thread  -- /home/bobbywu/Desktop/Developer/libnet/libnet/EventLoop.cpp:45
2022-02-25 07:30:23
414886 INFO  EventLoop createt 0x7FFFF5B07C50in thread  -- /home/bobbywu/Desktop/Developer/libnet/libnet/EventLoop.cpp:45
2022-02-25 07:30:23
414887 INFO  EventLoop createt 0x7FFFF5306C50in thread  -- /home/bobbywu/Desktop/Developer/libnet/libnet/EventLoop.cpp:45
2022-02-25 07:30:23
414888 INFO  EventLoop createt 0x7FFFF4B05C50in thread  -- /home/bobbywu/Desktop/Developer/libnet/libnet/EventLoop.cpp:45
2022-02-25 07:30:23
414889 INFO  EventLoop createt 0x7FFFDFFFEC50in thread  -- /home/bobbywu/Desktop/Developer/libnet/libnet/EventLoop.cpp:45
2022-02-25 07:30:23
414890 INFO  EventLoop createt 0x7FFFDF7FDC50in thread  -- /home/bobbywu/Desktop/Developer/libnet/libnet/EventLoop.cpp:45
2022-02-25 07:30:23
414891 INFO  EventLoop createt 0x7FFFDEFFCC50in thread  -- /home/bobbywu/Desktop/Developer/libnet/libnet/EventLoop.cpp:45
2022-02-25 07:30:25
414887 INFO  Headers GET /test.png -- /home/bobbywu/Desktop/Developer/libnet/example/WebServer/WebServer.cpp:115
2022-02-25 07:30:25
414887 INFO  Accept : : text/html,application/xhtml+xml,application/xml;q=0.9,*/*;q=0.8 -- /home/bobbywu/Desktop/Developer/libnet/example/WebServer/WebServer.cpp:118
2022-02-25 07:30:25
414887 INFO  Accept-Encoding : : gzip, deflate -- /home/bobbywu/Desktop/Developer/libnet/example/WebServer/WebServer.cpp:118
2022-02-25 07:30:25
414887 INFO  Accept-Language : : zh-cn -- /home/bobbywu/Desktop/Developer/libnet/example/WebServer/WebServer.cpp:118
2022-02-25 07:30:25
414887 INFO  Connection : : keep-alive -- /home/bobbywu/Desktop/Developer/libnet/example/WebServer/WebServer.cpp:118
2022-02-25 07:30:25
414887 INFO  Host : : 192.168.166.2:8090 -- /home/bobbywu/Desktop/Developer/libnet/example/WebServer/WebServer.cpp:118
2022-02-25 07:30:25
414887 INFO  Upgrade-Insecure-Requests : : 1 -- /home/bobbywu/Desktop/Developer/libnet/example/WebServer/WebServer.cpp:118
2022-02-25 07:30:25
414887 INFO  User-Agent : : Mozilla/5.0 (Macintosh; Intel Mac OS X 10_15_7) AppleWebKit/605.1.15 (KHTML, like Gecko) Version/14.1.2 Safari/605.1.15 -- /home/bobbywu/Desktop/Developer/libnet/example/WebServer/WebServer.cpp:118
2022-02-25 07:32:00
415052 INFO  EventLoop createt 0x7FFFFFFFDCA0in thread  -- /home/bobbywu/Desktop/Developer/libnet/libnet/EventLoop.cpp:45
2022-02-25 07:32:00
415052 WARN  WebServer starts listening on 0.0.0.0:8090 -- /home/bobbywu/Desktop/Developer/libnet/example/WebServer/WebServer.cpp:72
2022-02-25 07:32:00
415052 INFO  TcpServer::start() 0.0.0.0:8090 with 8 eventLoop thread(s) -- /home/bobbywu/Desktop/Developer/libnet/libnet/TcpServer.cpp:55
2022-02-25 07:32:00
415112 INFO  EventLoop createt 0x7FFFF6308C50in thread  -- /home/bobbywu/Desktop/Developer/libnet/libnet/EventLoop.cpp:45
2022-02-25 07:32:00
415113 INFO  EventLoop createt 0x7FFFF5B07C50in thread  -- /home/bobbywu/Desktop/Developer/libnet/libnet/EventLoop.cpp:45
2022-02-25 07:32:00
415114 INFO  EventLoop createt 0x7FFFF5306C50in thread  -- /home/bobbywu/Desktop/Developer/libnet/libnet/EventLoop.cpp:45
2022-02-25 07:32:00
415115 INFO  EventLoop createt 0x7FFFF4B05C50in thread  -- /home/bobbywu/Desktop/Developer/libnet/libnet/EventLoop.cpp:45
2022-02-25 07:32:00
415116 INFO  EventLoop createt 0x7FFFDFFFEC50in thread  -- /home/bobbywu/Desktop/Developer/libnet/libnet/EventLoop.cpp:45
2022-02-25 07:32:00
415117 INFO  EventLoop createt 0x7FFFDF7FDC50in thread  -- /home/bobbywu/Desktop/Developer/libnet/libnet/EventLoop.cpp:45
2022-02-25 07:32:00
415118 INFO  EventLoop createt 0x7FFFDEFFCC50in thread  -- /home/bobbywu/Desktop/Developer/libnet/libnet/EventLoop.cpp:45
2022-02-25 07:32:06
415112 INFO  Headers GET /test.png -- /home/bobbywu/Desktop/Developer/libnet/example/WebServer/WebServer.cpp:115
2022-02-25 07:32:06
415112 INFO  Accept : : text/html,application/xhtml+xml,application/xml;q=0.9,*/*;q=0.8 -- /home/bobbywu/Desktop/Developer/libnet/example/WebServer/WebServer.cpp:118
2022-02-25 07:32:06
415112 INFO  Accept-Encoding : : gzip, deflate -- /home/bobbywu/Desktop/Developer/libnet/example/WebServer/WebServer.cpp:118
2022-02-25 07:32:06
415112 INFO  Accept-Language : : zh-cn -- /home/bobbywu/Desktop/Developer/libnet/example/WebServer/WebServer.cpp:118
2022-02-25 07:32:06
415112 INFO  Connection : : keep-alive -- /home/bobbywu/Desktop/Developer/libnet/example/WebServer/WebServer.cpp:118
2022-02-25 07:32:06
415112 INFO  Host : : 192.168.166.2:8090 -- /home/bobbywu/Desktop/Developer/libnet/example/WebServer/WebServer.cpp:118
2022-02-25 07:32:06
415112 INFO  Upgrade-Insecure-Requests : : 1 -- /home/bobbywu/Desktop/Developer/libnet/example/WebServer/WebServer.cpp:118
2022-02-25 07:32:06
415112 INFO  User-Agent : : Mozilla/5.0 (Macintosh; Intel Mac OS X 10_15_7) AppleWebKit/605.1.15 (KHTML, like Gecko) Version/14.1.2 Safari/605.1.15 -- /home/bobbywu/Desktop/Developer/libnet/example/WebServer/WebServer.cpp:118
2022-02-25 07:57:58
418865 INFO  EventLoop createt 0x7FFFFFFFDCA0in thread  -- /home/bobbywu/Desktop/Developer/libnet/libnet/EventLoop.cpp:45
2022-02-25 07:57:58
418865 WARN  WebServer starts listening on 0.0.0.0:8090 -- /home/bobbywu/Desktop/Developer/libnet/example/WebServer/WebServer.cpp:72
2022-02-25 07:57:58
418865 INFO  TcpServer::start() 0.0.0.0:8090 with 8 eventLoop thread(s) -- /home/bobbywu/Desktop/Developer/libnet/libnet/TcpServer.cpp:55
2022-02-25 07:57:58
418956 INFO  EventLoop createt 0x7FFFF6308C50in thread  -- /home/bobbywu/Desktop/Developer/libnet/libnet/EventLoop.cpp:45
2022-02-25 07:57:58
418957 INFO  EventLoop createt 0x7FFFF5B07C50in thread  -- /home/bobbywu/Desktop/Developer/libnet/libnet/EventLoop.cpp:45
2022-02-25 07:57:58
418958 INFO  EventLoop createt 0x7FFFF5306C50in thread  -- /home/bobbywu/Desktop/Developer/libnet/libnet/EventLoop.cpp:45
2022-02-25 07:57:58
418959 INFO  EventLoop createt 0x7FFFF4B05C50in thread  -- /home/bobbywu/Desktop/Developer/libnet/libnet/EventLoop.cpp:45
2022-02-25 07:57:58
418960 INFO  EventLoop createt 0x7FFFDFFFEC50in thread  -- /home/bobbywu/Desktop/Developer/libnet/libnet/EventLoop.cpp:45
2022-02-25 07:57:58
418961 INFO  EventLoop createt 0x7FFFDF7FDC50in thread  -- /home/bobbywu/Desktop/Developer/libnet/libnet/EventLoop.cpp:45
2022-02-25 07:57:58
418962 INFO  EventLoop createt 0x7FFFDEFFCC50in thread  -- /home/bobbywu/Desktop/Developer/libnet/libnet/EventLoop.cpp:45
2022-02-25 07:58:04
418957 INFO  Headers GET /test.png -- /home/bobbywu/Desktop/Developer/libnet/example/WebServer/WebServer.cpp:115
2022-02-25 07:58:04
418957 INFO  Accept : : text/html,application/xhtml+xml,application/xml;q=0.9,*/*;q=0.8 -- /home/bobbywu/Desktop/Developer/libnet/example/WebServer/WebServer.cpp:118
2022-02-25 07:58:04
418957 INFO  Accept-Encoding : : gzip, deflate -- /home/bobbywu/Desktop/Developer/libnet/example/WebServer/WebServer.cpp:118
2022-02-25 07:58:04
418957 INFO  Accept-Language : : zh-cn -- /home/bobbywu/Desktop/Developer/libnet/example/WebServer/WebServer.cpp:118
2022-02-25 07:58:04
418957 INFO  Connection : : keep-alive -- /home/bobbywu/Desktop/Developer/libnet/example/WebServer/WebServer.cpp:118
2022-02-25 07:58:04
418957 INFO  Host : : 192.168.166.2:8090 -- /home/bobbywu/Desktop/Developer/libnet/example/WebServer/WebServer.cpp:118
2022-02-25 07:58:04
418957 INFO  Upgrade-Insecure-Requests : : 1 -- /home/bobbywu/Desktop/Developer/libnet/example/WebServer/WebServer.cpp:118
2022-02-25 07:58:04
418957 INFO  User-Agent : : Mozilla/5.0 (Macintosh; Intel Mac OS X 10_15_7) AppleWebKit/605.1.15 (KHTML, like Gecko) Version/14.1.2 Safari/605.1.15 -- /home/bobbywu/Desktop/Developer/libnet/example/WebServer/WebServer.cpp:118
2022-02-25 07:59:29
419073 INFO  EventLoop createt 0x7FFFFFFFDCA0in thread  -- /home/bobbywu/Desktop/Developer/libnet/libnet/EventLoop.cpp:45
2022-02-25 07:59:29
419073 WARN  WebServer starts listening on 0.0.0.0:8090 -- /home/bobbywu/Desktop/Developer/libnet/example/WebServer/WebServer.cpp:72
2022-02-25 07:59:29
419073 INFO  TcpServer::start() 0.0.0.0:8090 with 8 eventLoop thread(s) -- /home/bobbywu/Desktop/Developer/libnet/libnet/TcpServer.cpp:55
2022-02-25 07:59:29
419133 INFO  EventLoop createt 0x7FFFF6308C50in thread  -- /home/bobbywu/Desktop/Developer/libnet/libnet/EventLoop.cpp:45
2022-02-25 07:59:29
419134 INFO  EventLoop createt 0x7FFFF5B07C50in thread  -- /home/bobbywu/Desktop/Developer/libnet/libnet/EventLoop.cpp:45
2022-02-25 07:59:29
419135 INFO  EventLoop createt 0x7FFFF5306C50in thread  -- /home/bobbywu/Desktop/Developer/libnet/libnet/EventLoop.cpp:45
2022-02-25 07:59:29
419136 INFO  EventLoop createt 0x7FFFF4B05C50in thread  -- /home/bobbywu/Desktop/Developer/libnet/libnet/EventLoop.cpp:45
2022-02-25 07:59:29
419137 INFO  EventLoop createt 0x7FFFDFFFEC50in thread  -- /home/bobbywu/Desktop/Developer/libnet/libnet/EventLoop.cpp:45
2022-02-25 07:59:29
419138 INFO  EventLoop createt 0x7FFFDF7FDC50in thread  -- /home/bobbywu/Desktop/Developer/libnet/libnet/EventLoop.cpp:45
2022-02-25 07:59:29
419139 INFO  EventLoop createt 0x7FFFDEFFCC50in thread  -- /home/bobbywu/Desktop/Developer/libnet/libnet/EventLoop.cpp:45
2022-02-25 07:59:31
419134 INFO  Headers GET /test.png -- /home/bobbywu/Desktop/Developer/libnet/example/WebServer/WebServer.cpp:115
2022-02-25 07:59:31
419134 INFO  Accept : : text/html,application/xhtml+xml,application/xml;q=0.9,*/*;q=0.8 -- /home/bobbywu/Desktop/Developer/libnet/example/WebServer/WebServer.cpp:118
2022-02-25 07:59:31
419134 INFO  Accept-Encoding : : gzip, deflate -- /home/bobbywu/Desktop/Developer/libnet/example/WebServer/WebServer.cpp:118
2022-02-25 07:59:31
419134 INFO  Accept-Language : : zh-cn -- /home/bobbywu/Desktop/Developer/libnet/example/WebServer/WebServer.cpp:118
2022-02-25 07:59:31
419134 INFO  Connection : : keep-alive -- /home/bobbywu/Desktop/Developer/libnet/example/WebServer/WebServer.cpp:118
2022-02-25 07:59:31
419134 INFO  Host : : 192.168.166.2:8090 -- /home/bobbywu/Desktop/Developer/libnet/example/WebServer/WebServer.cpp:118
2022-02-25 07:59:31
419134 INFO  Upgrade-Insecure-Requests : : 1 -- /home/bobbywu/Desktop/Developer/libnet/example/WebServer/WebServer.cpp:118
2022-02-25 07:59:31
419134 INFO  User-Agent : : Mozilla/5.0 (Macintosh; Intel Mac OS X 10_15_7) AppleWebKit/605.1.15 (KHTML, like Gecko) Version/14.1.2 Safari/605.1.15 -- /home/bobbywu/Desktop/Developer/libnet/example/WebServer/WebServer.cpp:118
